<?xml version="1.0" encoding="UTF-8"?>
<testng-results ignored="4" total="15" passed="11" failed="0" skipped="0">
  <reporter-output>
  </reporter-output>
  <suite started-at="2023-04-05T18:48:58 IST" name="Default suite" finished-at="2023-04-05T18:50:58 IST" duration-ms="119529">
    <groups>
      <group name="Cruises">
        <method signature="HolidayHomes.getTripadvisorHomePage()[pri:0, instance:com.hackathon.test.HolidayHomes@3e27aa33]" name="getTripadvisorHomePage" class="com.hackathon.test.HolidayHomes"/>
        <method signature="Cruises.cruisesHomePage()[pri:0, instance:com.hackathon.test.Cruises@55a147cc]" name="cruisesHomePage" class="com.hackathon.test.Cruises"/>
      </group> <!-- Cruises -->
      <group name="HolidayHome">
        <method signature="HolidayHomes.getTripadvisorHomePage()[pri:0, instance:com.hackathon.test.HolidayHomes@3e27aa33]" name="getTripadvisorHomePage" class="com.hackathon.test.HolidayHomes"/>
        <method signature="HolidayHomes.getSearch()[pri:0, instance:com.hackathon.test.HolidayHomes@3e27aa33]" name="getSearch" class="com.hackathon.test.HolidayHomes"/>
        <method signature="HolidayHomes.setDates()[pri:0, instance:com.hackathon.test.HolidayHomes@3e27aa33]" name="setDates" class="com.hackathon.test.HolidayHomes"/>
        <method signature="HolidayHomes.setNoOfPeople()[pri:0, instance:com.hackathon.test.HolidayHomes@3e27aa33]" name="setNoOfPeople" class="com.hackathon.test.HolidayHomes"/>
        <method signature="HolidayHomes.setSortByTravellerRating()[pri:0, instance:com.hackathon.test.HolidayHomes@3e27aa33]" name="setSortByTravellerRating" class="com.hackathon.test.HolidayHomes"/>
        <method signature="HolidayHomes.selectLiftOption()[pri:0, instance:com.hackathon.test.HolidayHomes@3e27aa33]" name="selectLiftOption" class="com.hackathon.test.HolidayHomes"/>
        <method signature="HolidayHomes.fetchData()[pri:0, instance:com.hackathon.test.HolidayHomes@3e27aa33]" name="fetchData" class="com.hackathon.test.HolidayHomes"/>
      </group> <!-- HolidayHome -->
      <group name="cruises">
        <method signature="Cruises.searchCruise()[pri:0, instance:com.hackathon.test.Cruises@55a147cc]" name="searchCruise" class="com.hackathon.test.Cruises"/>
        <method signature="Cruises.getCruiseDetails()[pri:0, instance:com.hackathon.test.Cruises@55a147cc]" name="getCruiseDetails" class="com.hackathon.test.Cruises"/>
        <method signature="Cruises.getLanguageDetails()[pri:0, instance:com.hackathon.test.Cruises@55a147cc]" name="getLanguageDetails" class="com.hackathon.test.Cruises"/>
      </group> <!-- cruises -->
    </groups>
    <test started-at="2023-04-05T18:48:58 IST" name="Default test" finished-at="2023-04-05T18:50:58 IST" duration-ms="119529">
      <class name="com.hackathon.test.HolidayHomes">
        <test-method is-config="true" signature="getDriver()[pri:0, instance:com.hackathon.test.HolidayHomes@3e27aa33]" started-at="2023-04-05T18:48:58 IST" name="getDriver" finished-at="2023-04-05T18:49:09 IST" duration-ms="10876" status="PASS">
          <reporter-output>
          </reporter-output>
        </test-method> <!-- getDriver -->
        <test-method signature="getTripadvisorHomePage()[pri:0, instance:com.hackathon.test.HolidayHomes@3e27aa33]" started-at="2023-04-05T18:49:09 IST" name="getTripadvisorHomePage" finished-at="2023-04-05T18:49:13 IST" duration-ms="3855" status="PASS">
          <reporter-output>
          </reporter-output>
        </test-method> <!-- getTripadvisorHomePage -->
        <test-method is-config="true" signature="getResult(org.testng.ITestResult)[pri:0, instance:com.hackathon.test.HolidayHomes@3e27aa33]" started-at="2023-04-05T18:49:13 IST" name="getResult" finished-at="2023-04-05T18:49:13 IST" duration-ms="4" status="PASS">
          <params>
            <param index="0">
              <value>
                <![CDATA[[TestResult name=getTripadvisorHomePage status=SUCCESS method=HolidayHomes.getTripadvisorHomePage()[pri:0, instance:com.hackathon.test.HolidayHomes@3e27aa33] output={null}]]]>
              </value>
            </param>
          </params>
          <reporter-output>
          </reporter-output>
        </test-method> <!-- getResult -->
        <test-method signature="getSearch()[pri:0, instance:com.hackathon.test.HolidayHomes@3e27aa33]" started-at="2023-04-05T18:49:13 IST" name="getSearch" finished-at="2023-04-05T18:49:34 IST" depends-on-methods="com.hackathon.test.HolidayHomes.getTripadvisorHomePage" duration-ms="20783" status="PASS">
          <reporter-output>
          </reporter-output>
        </test-method> <!-- getSearch -->
        <test-method is-config="true" signature="getResult(org.testng.ITestResult)[pri:0, instance:com.hackathon.test.HolidayHomes@3e27aa33]" started-at="2023-04-05T18:49:34 IST" name="getResult" finished-at="2023-04-05T18:49:34 IST" duration-ms="1" status="PASS">
          <params>
            <param index="0">
              <value>
                <![CDATA[[TestResult name=getSearch status=SUCCESS method=HolidayHomes.getSearch()[pri:0, instance:com.hackathon.test.HolidayHomes@3e27aa33] output={null}]]]>
              </value>
            </param>
          </params>
          <reporter-output>
          </reporter-output>
        </test-method> <!-- getResult -->
        <test-method signature="setDates()[pri:0, instance:com.hackathon.test.HolidayHomes@3e27aa33]" started-at="2023-04-05T18:49:34 IST" name="setDates" finished-at="2023-04-05T18:49:45 IST" depends-on-methods="com.hackathon.test.HolidayHomes.getSearch" duration-ms="10747" status="PASS">
          <reporter-output>
          </reporter-output>
        </test-method> <!-- setDates -->
        <test-method is-config="true" signature="getResult(org.testng.ITestResult)[pri:0, instance:com.hackathon.test.HolidayHomes@3e27aa33]" started-at="2023-04-05T18:49:45 IST" name="getResult" finished-at="2023-04-05T18:49:45 IST" duration-ms="0" status="PASS">
          <params>
            <param index="0">
              <value>
                <![CDATA[[TestResult name=setDates status=SUCCESS method=HolidayHomes.setDates()[pri:0, instance:com.hackathon.test.HolidayHomes@3e27aa33] output={null}]]]>
              </value>
            </param>
          </params>
          <reporter-output>
          </reporter-output>
        </test-method> <!-- getResult -->
        <test-method signature="setNoOfPeople()[pri:0, instance:com.hackathon.test.HolidayHomes@3e27aa33]" started-at="2023-04-05T18:49:45 IST" name="setNoOfPeople" finished-at="2023-04-05T18:49:57 IST" depends-on-methods="com.hackathon.test.HolidayHomes.setDates" duration-ms="12951" status="PASS">
          <reporter-output>
          </reporter-output>
        </test-method> <!-- setNoOfPeople -->
        <test-method is-config="true" signature="getResult(org.testng.ITestResult)[pri:0, instance:com.hackathon.test.HolidayHomes@3e27aa33]" started-at="2023-04-05T18:49:57 IST" name="getResult" finished-at="2023-04-05T18:49:57 IST" duration-ms="0" status="PASS">
          <params>
            <param index="0">
              <value>
                <![CDATA[[TestResult name=setNoOfPeople status=SUCCESS method=HolidayHomes.setNoOfPeople()[pri:0, instance:com.hackathon.test.HolidayHomes@3e27aa33] output={null}]]]>
              </value>
            </param>
          </params>
          <reporter-output>
          </reporter-output>
        </test-method> <!-- getResult -->
        <test-method signature="setSortByTravellerRating()[pri:0, instance:com.hackathon.test.HolidayHomes@3e27aa33]" started-at="2023-04-05T18:49:57 IST" name="setSortByTravellerRating" finished-at="2023-04-05T18:50:06 IST" depends-on-methods="com.hackathon.test.HolidayHomes.setNoOfPeople" duration-ms="8681" status="PASS">
          <reporter-output>
          </reporter-output>
        </test-method> <!-- setSortByTravellerRating -->
        <test-method is-config="true" signature="getResult(org.testng.ITestResult)[pri:0, instance:com.hackathon.test.HolidayHomes@3e27aa33]" started-at="2023-04-05T18:50:06 IST" name="getResult" finished-at="2023-04-05T18:50:06 IST" duration-ms="1" status="PASS">
          <params>
            <param index="0">
              <value>
                <![CDATA[[TestResult name=setSortByTravellerRating status=SUCCESS method=HolidayHomes.setSortByTravellerRating()[pri:0, instance:com.hackathon.test.HolidayHomes@3e27aa33] output={null}]]]>
              </value>
            </param>
          </params>
          <reporter-output>
          </reporter-output>
        </test-method> <!-- getResult -->
        <test-method signature="selectLiftOption()[pri:0, instance:com.hackathon.test.HolidayHomes@3e27aa33]" started-at="2023-04-05T18:50:06 IST" name="selectLiftOption" finished-at="2023-04-05T18:50:16 IST" depends-on-methods="com.hackathon.test.HolidayHomes.setSortByTravellerRating" duration-ms="9495" status="PASS">
          <reporter-output>
          </reporter-output>
        </test-method> <!-- selectLiftOption -->
        <test-method signature="fetchData()[pri:0, instance:com.hackathon.test.HolidayHomes@3e27aa33]" started-at="2023-04-05T18:50:16 IST" name="fetchData" finished-at="2023-04-05T18:50:26 IST" depends-on-methods="com.hackathon.test.HolidayHomes.selectLiftOption" duration-ms="10272" status="PASS">
          <reporter-output>
          </reporter-output>
        </test-method> <!-- fetchData -->
        <test-method is-config="true" signature="getResult(org.testng.ITestResult)[pri:0, instance:com.hackathon.test.HolidayHomes@3e27aa33]" started-at="2023-04-05T18:50:16 IST" name="getResult" finished-at="2023-04-05T18:50:16 IST" duration-ms="0" status="PASS">
          <params>
            <param index="0">
              <value>
                <![CDATA[[TestResult name=selectLiftOption status=SUCCESS method=HolidayHomes.selectLiftOption()[pri:0, instance:com.hackathon.test.HolidayHomes@3e27aa33] output={null}]]]>
              </value>
            </param>
          </params>
          <reporter-output>
          </reporter-output>
        </test-method> <!-- getResult -->
        <test-method is-config="true" signature="getResult(org.testng.ITestResult)[pri:0, instance:com.hackathon.test.HolidayHomes@3e27aa33]" started-at="2023-04-05T18:50:26 IST" name="getResult" finished-at="2023-04-05T18:50:26 IST" duration-ms="1" status="PASS">
          <params>
            <param index="0">
              <value>
                <![CDATA[[TestResult name=fetchData status=SUCCESS method=HolidayHomes.fetchData()[pri:0, instance:com.hackathon.test.HolidayHomes@3e27aa33] output={null}]]]>
              </value>
            </param>
          </params>
          <reporter-output>
          </reporter-output>
        </test-method> <!-- getResult -->
      </class> <!-- com.hackathon.test.HolidayHomes -->
      <class name="com.hackathon.test.Cruises">
        <test-method is-config="true" signature="extentReport(java.lang.String)[pri:0, instance:com.hackathon.test.Cruises@55a147cc]" started-at="2023-04-05T18:48:58 IST" name="extentReport" finished-at="2023-04-05T18:48:58 IST" duration-ms="233" status="PASS">
          <params>
            <param index="0">
              <value>
                <![CDATA[edge]]>
              </value>
            </param>
          </params>
          <reporter-output>
          </reporter-output>
        </test-method> <!-- extentReport -->
        <test-method signature="cruisesHomePage()[pri:0, instance:com.hackathon.test.Cruises@55a147cc]" started-at="2023-04-05T18:50:26 IST" name="cruisesHomePage" depends-on-groups="HolidayHome" finished-at="2023-04-05T18:50:30 IST" duration-ms="4268" status="PASS">
          <reporter-output>
          </reporter-output>
        </test-method> <!-- cruisesHomePage -->
        <test-method is-config="true" signature="getResult(org.testng.ITestResult)[pri:0, instance:com.hackathon.test.Cruises@55a147cc]" started-at="2023-04-05T18:50:30 IST" name="getResult" finished-at="2023-04-05T18:50:30 IST" duration-ms="0" status="PASS">
          <params>
            <param index="0">
              <value>
                <![CDATA[[TestResult name=cruisesHomePage status=SUCCESS method=Cruises.cruisesHomePage()[pri:0, instance:com.hackathon.test.Cruises@55a147cc] output={null}]]]>
              </value>
            </param>
          </params>
          <reporter-output>
          </reporter-output>
        </test-method> <!-- getResult -->
        <test-method signature="searchCruise()[pri:0, instance:com.hackathon.test.Cruises@55a147cc]" started-at="2023-04-05T18:50:30 IST" name="searchCruise" finished-at="2023-04-05T18:50:37 IST" depends-on-methods="com.hackathon.test.Cruises.cruisesHomePage" duration-ms="6771" status="PASS">
          <reporter-output>
          </reporter-output>
        </test-method> <!-- searchCruise -->
        <test-method is-config="true" signature="getResult(org.testng.ITestResult)[pri:0, instance:com.hackathon.test.Cruises@55a147cc]" started-at="2023-04-05T18:50:37 IST" name="getResult" finished-at="2023-04-05T18:50:37 IST" duration-ms="1" status="PASS">
          <params>
            <param index="0">
              <value>
                <![CDATA[[TestResult name=searchCruise status=SUCCESS method=Cruises.searchCruise()[pri:0, instance:com.hackathon.test.Cruises@55a147cc] output={null}]]]>
              </value>
            </param>
          </params>
          <reporter-output>
          </reporter-output>
        </test-method> <!-- getResult -->
        <test-method signature="getCruiseDetails()[pri:0, instance:com.hackathon.test.Cruises@55a147cc]" started-at="2023-04-05T18:50:37 IST" name="getCruiseDetails" finished-at="2023-04-05T18:50:46 IST" depends-on-methods="com.hackathon.test.Cruises.searchCruise" duration-ms="9028" status="PASS">
          <reporter-output>
          </reporter-output>
        </test-method> <!-- getCruiseDetails -->
        <test-method is-config="true" signature="getResult(org.testng.ITestResult)[pri:0, instance:com.hackathon.test.Cruises@55a147cc]" started-at="2023-04-05T18:50:46 IST" name="getResult" finished-at="2023-04-05T18:50:46 IST" duration-ms="1" status="PASS">
          <params>
            <param index="0">
              <value>
                <![CDATA[[TestResult name=getCruiseDetails status=SUCCESS method=Cruises.getCruiseDetails()[pri:0, instance:com.hackathon.test.Cruises@55a147cc] output={null}]]]>
              </value>
            </param>
          </params>
          <reporter-output>
          </reporter-output>
        </test-method> <!-- getResult -->
        <test-method signature="getLanguageDetails()[pri:0, instance:com.hackathon.test.Cruises@55a147cc]" started-at="2023-04-05T18:50:46 IST" name="getLanguageDetails" finished-at="2023-04-05T18:50:54 IST" depends-on-methods="com.hackathon.test.Cruises.getCruiseDetails" duration-ms="8407" status="PASS">
          <reporter-output>
          </reporter-output>
        </test-method> <!-- getLanguageDetails -->
        <test-method is-config="true" signature="getResult(org.testng.ITestResult)[pri:0, instance:com.hackathon.test.Cruises@55a147cc]" started-at="2023-04-05T18:50:54 IST" name="getResult" finished-at="2023-04-05T18:50:54 IST" duration-ms="0" status="PASS">
          <params>
            <param index="0">
              <value>
                <![CDATA[[TestResult name=getLanguageDetails status=SUCCESS method=Cruises.getLanguageDetails()[pri:0, instance:com.hackathon.test.Cruises@55a147cc] output={null}]]]>
              </value>
            </param>
          </params>
          <reporter-output>
          </reporter-output>
        </test-method> <!-- getResult -->
        <test-method is-config="true" signature="quit()[pri:0, instance:com.hackathon.test.Cruises@55a147cc]" started-at="2023-04-05T18:50:54 IST" name="quit" finished-at="2023-04-05T18:50:57 IST" duration-ms="2780" status="PASS">
          <reporter-output>
          </reporter-output>
        </test-method> <!-- quit -->
        <test-method is-config="true" signature="flushReport()[pri:0, instance:com.hackathon.test.Cruises@55a147cc]" started-at="2023-04-05T18:50:57 IST" name="flushReport" finished-at="2023-04-05T18:50:58 IST" depends-on-methods="com.hackathon.test.Cruises.quit" duration-ms="322" status="PASS">
          <reporter-output>
          </reporter-output>
        </test-method> <!-- flushReport -->
      </class> <!-- com.hackathon.test.Cruises -->
    </test> <!-- Default test -->
  </suite> <!-- Default suite -->
</testng-results>
