<?xml version="1.0" encoding="UTF-8"?>
<!-- Generated by org.testng.reporters.JUnitXMLReporter -->
<testsuite ignored="4" hostname="LAPTOP-PSOPE6TS" failures="0" tests="11" name="Default test" time="119.529" errors="0" timestamp="2023-04-05T18:50:58 IST">
  <testcase classname="com.hackathon.test.HolidayHomes" name="getTripadvisorHomePage" time="3.855"/>
  <testcase classname="com.hackathon.test.HolidayHomes" name="getSearch" time="20.783"/>
  <testcase classname="com.hackathon.test.HolidayHomes" name="setDates" time="10.747"/>
  <testcase classname="com.hackathon.test.HolidayHomes" name="setNoOfPeople" time="12.951"/>
  <testcase classname="com.hackathon.test.HolidayHomes" name="setSortByTravellerRating" time="8.681"/>
  <testcase classname="com.hackathon.test.HolidayHomes" name="selectLiftOption" time="9.495"/>
  <testcase classname="com.hackathon.test.HolidayHomes" name="fetchData" time="10.272"/>
  <testcase classname="com.hackathon.test.Cruises" name="cruisesHomePage" time="4.268"/>
  <testcase classname="com.hackathon.test.Cruises" name="searchCruise" time="6.771"/>
  <testcase classname="com.hackathon.test.Cruises" name="getCruiseDetails" time="9.028"/>
  <testcase classname="com.hackathon.test.Cruises" name="getLanguageDetails" time="8.407"/>
  <testcase classname="com.hackathon.utilities.ExtentReport" name="@AfterTest flushReport" time="0.0">
    <ignored/>
  </testcase> <!-- @AfterTest flushReport -->
  <testcase classname="com.hackathon.utilities.ExtentReport" name="@AfterTest flushReport" time="0.0">
    <ignored/>
  </testcase> <!-- @AfterTest flushReport -->
  <testcase classname="com.hackathon.utilities.ExtentReport" name="@BeforeTest extentReport" time="0.0">
    <ignored/>
  </testcase> <!-- @BeforeTest extentReport -->
  <testcase classname="com.hackathon.utilities.ExtentReport" name="@BeforeTest extentReport" time="0.0">
    <ignored/>
  </testcase> <!-- @BeforeTest extentReport -->
</testsuite> <!-- Default test -->
